[2026-01-19 03:03:24] WARNING [django.security.csrf:253] Forbidden (CSRF token from POST incorrect.): /accounts/login/
[2026-01-19 03:03:36] WARNING [django.security.csrf:253] Forbidden (CSRF token from POST incorrect.): /accounts/login/
[2026-01-21 02:24:37] WARNING [django.security.csrf:253] Forbidden (CSRF token from POST incorrect.): /accounts/activate/email/
[2026-01-23 10:22:20] WARNING [django.security.SuspiciousSession:138] Session data corrupted
[2026-01-23 10:22:59] WARNING [django.security.SuspiciousSession:138] Session data corrupted
[2026-01-23 10:22:59] WARNING [django.security.SuspiciousSession:138] Session data corrupted
[2026-01-23 10:23:59] WARNING [django.security.SuspiciousSession:138] Session data corrupted
[2026-01-23 10:23:59] WARNING [django.security.SuspiciousSession:138] Session data corrupted
[2026-01-23 10:24:59] WARNING [django.security.SuspiciousSession:138] Session data corrupted
[2026-01-23 10:24:59] WARNING [django.security.SuspiciousSession:138] Session data corrupted
[2026-01-23 10:25:59] WARNING [django.security.SuspiciousSession:138] Session data corrupted
[2026-01-23 10:25:59] WARNING [django.security.SuspiciousSession:138] Session data corrupted
[2026-01-23 10:26:40] WARNING [django.security.SuspiciousSession:138] Session data corrupted
[2026-01-23 10:26:59] WARNING [django.security.SuspiciousSession:138] Session data corrupted
[2026-01-23 10:26:59] WARNING [django.security.SuspiciousSession:138] Session data corrupted
[2026-01-23 10:27:59] WARNING [django.security.SuspiciousSession:138] Session data corrupted
[2026-01-23 10:27:59] WARNING [django.security.SuspiciousSession:138] Session data corrupted
[2026-01-23 10:28:59] WARNING [django.security.SuspiciousSession:138] Session data corrupted
[2026-01-23 10:28:59] WARNING [django.security.SuspiciousSession:138] Session data corrupted
[2026-01-23 10:29:59] WARNING [django.security.SuspiciousSession:138] Session data corrupted
[2026-01-23 10:29:59] WARNING [django.security.SuspiciousSession:138] Session data corrupted
[2026-01-23 10:30:59] WARNING [django.security.SuspiciousSession:138] Session data corrupted
[2026-01-23 10:30:59] WARNING [django.security.SuspiciousSession:138] Session data corrupted
[2026-01-23 10:31:59] WARNING [django.security.SuspiciousSession:138] Session data corrupted
[2026-01-23 10:31:59] WARNING [django.security.SuspiciousSession:138] Session data corrupted
[2026-01-23 10:32:59] WARNING [django.security.SuspiciousSession:138] Session data corrupted
[2026-01-23 10:32:59] WARNING [django.security.SuspiciousSession:138] Session data corrupted
[2026-01-23 10:33:59] WARNING [django.security.SuspiciousSession:138] Session data corrupted
[2026-01-23 10:33:59] WARNING [django.security.SuspiciousSession:138] Session data corrupted
[2026-01-23 12:48:59] WARNING [django.security.csrf:253] Forbidden (CSRF token from POST incorrect.): /accounts/login/
[2026-01-23 12:49:03] WARNING [django.security.csrf:253] Forbidden (CSRF token from POST incorrect.): /accounts/login/
[2026-01-23 12:49:10] WARNING [django.security.csrf:253] Forbidden (CSRF token from POST incorrect.): /accounts/login/
[2026-01-23 12:51:31] WARNING [django.security.csrf:253] Forbidden (CSRF token from POST incorrect.): /accounts/password-reset/
[2026-01-26 00:58:11] WARNING [django.security.csrf:253] Forbidden (CSRF token from POST incorrect.): /accounts/login/
[2026-01-26 07:44:57] ERROR [django.security.DisallowedHost:253] Invalid HTTP_HOST header: 'testserver'. You may need to add 'testserver' to ALLOWED_HOSTS.
Traceback (most recent call last):
  File "E:\ScamV4\venv\Lib\site-packages\django\core\handlers\exception.py", line 55, in inner
    response = get_response(request)
  File "E:\ScamV4\venv\Lib\site-packages\django\utils\deprecation.py", line 119, in __call__
    response = self.process_request(request)
  File "E:\ScamV4\venv\Lib\site-packages\django\middleware\common.py", line 48, in process_request
    host = request.get_host()
  File "E:\ScamV4\venv\Lib\site-packages\django\http\request.py", line 202, in get_host
    raise DisallowedHost(msg)
django.core.exceptions.DisallowedHost: Invalid HTTP_HOST header: 'testserver'. You may need to add 'testserver' to ALLOWED_HOSTS.
[2026-01-26 07:48:09] WARNING [django.security.csrf:253] Forbidden (CSRF token from POST incorrect.): /accounts/login/
[2026-01-26 07:48:15] WARNING [django.security.csrf:253] Forbidden (CSRF token from POST incorrect.): /accounts/login/
[2026-01-26 08:11:20] WARNING [django.security.csrf:253] Forbidden (CSRF cookie not set.): /accounts/login/
[2026-01-26 08:11:29] WARNING [django.security.csrf:253] Forbidden (CSRF cookie not set.): /accounts/login/
[2026-01-26 08:13:08] WARNING [django.security.csrf:253] Forbidden (CSRF cookie not set.): /accounts/login/
[2026-01-26 08:15:40] WARNING [django.security.csrf:253] Forbidden (CSRF cookie not set.): /accounts/login/
[2026-01-26 08:20:01] WARNING [django.security.csrf:253] Forbidden (CSRF cookie not set.): /accounts/login/
[2026-01-26 08:20:30] WARNING [django.security.csrf:253] Forbidden (CSRF cookie not set.): /accounts/login/
[2026-02-08 05:16:48] WARNING [django.security.csrf:253] Forbidden (CSRF token from POST incorrect.): /accounts/login/
